<?xml version="1.0" encoding="UTF-8"?>
<!-- Generated by org.testng.reporters.JUnitReportReporter -->
<testsuite hostname="DESKTOP-DHSQEQD" failures="0" tests="1" name="TestCase.LoginPageTest" time="138.402" errors="0" timestamp="2022-06-27T13:35:20 IST" skipped="0">
  <testcase classname="TestCase.LoginPageTest" name="happyPath" time="138.402"/>
  <system-out/>
</testsuite> <!-- TestCase.LoginPageTest -->
