<?xml version="1.0" encoding="UTF-8"?>
<!-- Generated by org.testng.reporters.JUnitReportReporter -->
<testsuite hostname="DESKTOP-DHSQEQD" failures="0" tests="1" name="TestCase.LandingPageTest" time="114.973" errors="0" timestamp="2022-07-08T12:26:08 IST" skipped="0">
  <testcase classname="TestCase.LandingPageTest" name="ValidateTitle" time="114.973"/>
  <system-out/>
</testsuite> <!-- TestCase.LandingPageTest -->
