<?xml version="1.0" encoding="UTF-8"?>
<!-- Generated by org.testng.reporters.JUnitReportReporter -->
<testsuite hostname="DESKTOP-DHSQEQD" failures="0" tests="4" name="TestCase.Day3LoginPage" time="288.736" errors="0" timestamp="2022-06-29T10:39:05 IST" skipped="0">
  <testcase classname="TestCase.Day3LoginPage" name="happyPath" time="14.400"/>
  <system-out/>
  <testcase classname="TestCase.Day3LoginPage" name="happyPath" time="55.153"/>
  <system-out/>
  <testcase classname="TestCase.Day3LoginPage" name="happyPath" time="155.279"/>
  <system-out/>
  <testcase classname="TestCase.Day3LoginPage" name="happyPath" time="63.904"/>
  <system-out/>
</testsuite> <!-- TestCase.Day3LoginPage -->
